<?xml version="1.0" encoding="UTF-8"?>
<testng-results skipped="0" failed="0" total="1" passed="1">
  <reporter-output>
  </reporter-output>
  <suite name="Suite" duration-ms="795" started-at="2017-07-28T03:59:49Z" finished-at="2017-07-28T03:59:49Z">
    <groups>
    </groups>
    <test name="Test" duration-ms="795" started-at="2017-07-28T03:59:49Z" finished-at="2017-07-28T03:59:49Z">
      <class name="com.excel.readexcel.ReadData">
        <test-method status="PASS" signature="read()[pri:0, instance:com.excel.readexcel.ReadData@59e84876]" name="read" duration-ms="777" started-at="2017-07-27T23:59:49Z" finished-at="2017-07-27T23:59:49Z">
          <reporter-output>
          </reporter-output>
        </test-method> <!-- read -->
      </class> <!-- com.excel.readexcel.ReadData -->
    </test> <!-- Test -->
  </suite> <!-- Suite -->
</testng-results>
